<?xml version="1.0" encoding="UTF-8"?>
<testng-results skipped="0" failed="0" ignored="0" total="1" passed="1">
  <reporter-output>
  </reporter-output>
  <suite name="Default suite" duration-ms="17508" started-at="2021-06-13T16:47:14Z" finished-at="2021-06-13T16:47:32Z">
    <groups>
    </groups>
    <test name="Default test" duration-ms="17508" started-at="2021-06-13T16:47:14Z" finished-at="2021-06-13T16:47:32Z">
      <class name="com.cyient.test.signupTermsTest">
        <test-method status="PASS" signature="setup()[pri:0, instance:com.cyient.test.signupTermsTest@5e3a8624]" name="setup" is-config="true" duration-ms="10036" started-at="2021-06-13T16:47:14Z" finished-at="2021-06-13T16:47:24Z">
          <reporter-output>
          </reporter-output>
        </test-method> <!-- setup -->
        <test-method status="PASS" signature="validCredentialTest(java.lang.String)[pri:0, instance:com.cyient.test.signupTermsTest@5e3a8624]" name="validCredentialTest" duration-ms="6249" started-at="2021-06-13T16:47:24Z" data-provider="termsAndConditionsExcelData" finished-at="2021-06-13T16:47:31Z">
          <params>
            <param index="0">
              <value>
                <![CDATA[Terms & Conditions]]>
              </value>
            </param>
          </params>
          <reporter-output>
          </reporter-output>
        </test-method> <!-- validCredentialTest -->
        <test-method status="PASS" signature="teardown()[pri:0, instance:com.cyient.test.signupTermsTest@5e3a8624]" name="teardown" is-config="true" duration-ms="854" started-at="2021-06-13T16:47:31Z" finished-at="2021-06-13T16:47:32Z">
          <reporter-output>
          </reporter-output>
        </test-method> <!-- teardown -->
      </class> <!-- com.cyient.test.signupTermsTest -->
    </test> <!-- Default test -->
  </suite> <!-- Default suite -->
</testng-results>
